datalink af -ber 1e-4 
=========================================================================
                          Station A                                 
-------------------------------------------------------------------------
Protocol.lib, version 3.0, Build: Oct 19 2009 (jiangy@public3.bta.net.cn)
Channel: 8000 bps, 270 ms propagation delay, bit error rate 1.0E-004
Log file "datalink-A.log", TCP port 59144, debug mask 0x00
Station A is waiting for station B on TCP port 59144 ... Done.
New epoch: Fri May 01 11:04:07 2015
=========================================================================
Designed by Mr.Phoebe, build: May  1 2015  10:25:11
3.733 .... 7 packets received, 4164 bps, 52.05%, Err 4 (1.4e-004)
5.862 .... 18 packets received, 6616 bps, 82.70%, Err 4 (8.6e-005)
8.248 .... 22 packets received, 5662 bps, 70.77%, Err 7 (1.1e-004)
10.362 .... 34 packets received, 6913 bps, 86.42%, Err 7 (8.5e-005)
12.492 .... 41 packets received, 6881 bps, 86.02%, Err 9 (9.0e-005)
19.105 .... 42 packets received, 4572 bps, 57.15%, Err 19 (1.2e-004)
22.547 .... 56 packets received, 5153 bps, 64.41%, Err 21 (1.2e-004)
25.738 .... 64 packets received, 5151 bps, 64.38%, Err 23 (1.1e-004)
28.669 .... 73 packets received, 5268 bps, 65.85%, Err 25 (1.1e-004)
30.783 .... 85 packets received, 5709 bps, 71.36%, Err 25 (1.0e-004)
33.953 .... 92 packets received, 5597 bps, 69.96%, Err 26 (9.6e-005)
36.067 .... 104 packets received, 5953 bps, 74.42%, Err 27 (9.4e-005)
44.283 .... 106 packets received, 4935 bps, 61.68%, Err 35 (9.9e-005)
46.669 .... 125 packets received, 5520 bps, 69.00%, Err 36 (9.6e-005)
48.799 .... 129 packets received, 5446 bps, 68.08%, Err 38 (9.7e-005)
51.442 .... 137 packets received, 5485 bps, 68.56%, Err 39 (9.5e-005)
53.573 .... 148 packets received, 5689 bps, 71.11%, Err 40 (9.3e-005)
60.731 .... 152 packets received, 5150 bps, 64.38%, Err 50 (1.0e-004)
63.646 .... 156 packets received, 5043 bps, 63.03%, Err 51 (1.0e-004)
65.758 .... 171 packets received, 5349 bps, 66.87%, Err 52 (9.9e-005)
67.856 .... 178 packets received, 5395 bps, 67.44%, Err 54 (1.0e-004)
74.486 .... 179 packets received, 4941 bps, 61.76%, Err 59 (9.9e-005)
76.616 .... 200 packets received, 5366 bps, 67.08%, Err 59 (9.6e-005)
79.275 .... 206 packets received, 5341 bps, 66.77%, Err 60 (9.5e-005)
82.462 .... 217 packets received, 5408 bps, 67.60%, Err 61 (9.2e-005)
85.376 .... 227 packets received, 5464 bps, 68.30%, Err 62 (9.1e-005)
88.035 .... 235 packets received, 5485 bps, 68.56%, Err 64 (9.1e-005)
90.676 .... 242 packets received, 5483 bps, 68.54%, Err 66 (9.1e-005)
93.591 .... 249 packets received, 5466 bps, 68.32%, Err 69 (9.2e-005)
101.277 .... 253 packets received, 5131 bps, 64.13%, Err 80 (9.9e-005)
103.407 .... 273 packets received, 5422 bps, 67.78%, Err 81 (9.8e-005)
105.521 .... 281 packets received, 5469 bps, 68.36%, Err 83 (9.8e-005)
116.922 .... 282 packets received, 4952 bps, 61.90%, Err 100 (1.1e-004)
119.036 .... 303 packets received, 5226 bps, 65.32%, Err 104 (1.1e-004)
121.694 .... 309 packets received, 5213 bps, 65.16%, Err 107 (1.1e-004)
124.352 .... 312 packets received, 5150 bps, 64.38%, Err 111 (1.1e-004)
126.995 .... 321 packets received, 5188 bps, 64.86%, Err 113 (1.1e-004)
129.637 .... 329 packets received, 5209 bps, 65.11%, Err 114 (1.1e-004)
131.751 .... 343 packets received, 5344 bps, 66.79%, Err 114 (1.1e-004)
134.681 .... 350 packets received, 5334 bps, 66.67%, Err 115 (1.1e-004)
137.051 .... 358 packets received, 5361 bps, 67.01%, Err 117 (1.1e-004)
139.165 .... 369 packets received, 5442 bps, 68.02%, Err 117 (1.1e-004)
141.551 .... 374 packets received, 5422 bps, 67.78%, Err 119 (1.1e-004)
144.194 .... 381 packets received, 5422 bps, 67.78%, Err 122 (1.1e-004)
146.852 .... 383 packets received, 5352 bps, 66.90%, Err 122 (1.0e-004)
150.007 .... 397 packets received, 5431 bps, 67.88%, Err 125 (1.0e-004)
153.194 .... 409 packets received, 5478 bps, 68.48%, Err 127 (1.0e-004)
156.381 .... 420 packets received, 5511 bps, 68.88%, Err 129 (1.0e-004)
162.755 .... 424 packets received, 5345 bps, 66.81%, Err 135 (1.0e-004)
165.669 .... 432 packets received, 5350 bps, 66.87%, Err 140 (1.1e-004)
167.799 .... 444 packets received, 5428 bps, 67.86%, Err 141 (1.1e-004)
169.914 .... 451 packets received, 5445 bps, 68.07%, Err 143 (1.1e-004)
172.812 .... 458 packets received, 5437 bps, 67.96%, Err 146 (1.1e-004)
179.170 .... 459 packets received, 5255 bps, 65.69%, Err 147 (1.0e-004)
182.341 .... 481 packets received, 5411 bps, 67.64%, Err 151 (1.0e-004)
184.455 .... 491 packets received, 5460 bps, 68.25%, Err 152 (1.0e-004)
191.068 .... 493 packets received, 5292 bps, 66.15%, Err 160 (1.0e-004)
194.239 .... 514 packets received, 5428 bps, 67.84%, Err 162 (1.0e-004)
196.625 .... 522 packets received, 5445 bps, 68.06%, Err 163 (1.0e-004)
198.739 .... 533 packets received, 5501 bps, 68.76%, Err 163 (1.0e-004)
200.853 .... 541 packets received, 5524 bps, 69.05%, Err 164 (1.0e-004)
202.984 .... 549 packets received, 5547 bps, 69.34%, Err 164 (1.0e-004)
205.097 .... 557 packets received, 5570 bps, 69.62%, Err 164 (1.0e-004)
207.484 .... 562 packets received, 5555 bps, 69.44%, Err 166 (1.0e-004)
210.127 .... 568 packets received, 5544 bps, 69.30%, Err 171 (1.0e-004)
212.769 .... 573 packets received, 5523 bps, 69.04%, Err 172 (1.0e-004)
215.413 .... 582 packets received, 5541 bps, 69.26%, Err 172 (1.0e-004)
217.542 .... 593 packets received, 5590 bps, 69.88%, Err 174 (1.0e-004)
220.186 .... 599 packets received, 5579 bps, 69.73%, Err 176 (1.0e-004)
222.300 .... 611 packets received, 5636 bps, 70.45%, Err 176 (9.9e-005)
224.414 .... 615 packets received, 5620 bps, 70.25%, Err 178 (9.9e-005)
227.601 .... 622 packets received, 5604 bps, 70.05%, Err 181 (9.9e-005)
230.259 .... 631 packets received, 5619 bps, 70.24%, Err 184 (1.0e-004)
232.373 .... 640 packets received, 5648 bps, 70.60%, Err 189 (1.0e-004)
235.032 .... 642 packets received, 5601 bps, 70.01%, Err 190 (1.0e-004)
237.674 .... 645 packets received, 5565 bps, 69.56%, Err 191 (1.0e-004)
240.316 .... 662 packets received, 5648 bps, 70.61%, Err 193 (1.0e-004)
242.430 .... 672 packets received, 5684 bps, 71.05%, Err 193 (1.0e-004)
244.831 .... 677 packets received, 5670 bps, 70.87%, Err 196 (1.0e-004)
248.002 .... 687 packets received, 5680 bps, 71.00%, Err 198 (1.0e-004)
251.189 .... 697 packets received, 5689 bps, 71.12%, Err 200 (1.0e-004)
253.832 .... 706 packets received, 5703 bps, 71.28%, Err 202 (9.9e-005)
261.520 .... 711 packets received, 5574 bps, 69.68%, Err 205 (9.8e-005)
263.634 .... 730 packets received, 5677 bps, 70.96%, Err 206 (9.8e-005)
265.748 .... 734 packets received, 5663 bps, 70.78%, Err 209 (9.8e-005)
268.391 .... 737 packets received, 5630 bps, 70.37%, Err 211 (9.8e-005)
276.592 .... 748 packets received, 5544 bps, 69.30%, Err 221 (1.0e-004)
278.706 .... 759 packets received, 5583 bps, 69.79%, Err 224 (1.0e-004)
281.637 .... 768 packets received, 5590 bps, 69.88%, Err 228 (1.0e-004)
283.735 .... 778 packets received, 5621 bps, 70.27%, Err 228 (1.0e-004)
286.394 .... 784 packets received, 5612 bps, 70.15%, Err 230 (1.0e-004)
292.752 .... 786 packets received, 5504 bps, 68.80%, Err 234 (1.0e-004)
295.395 .... 806 packets received, 5594 bps, 69.92%, Err 236 (1.0e-004)
297.509 .... 812 packets received, 5595 bps, 69.94%, Err 237 (1.0e-004)
299.622 .... 818 packets received, 5597 bps, 69.96%, Err 238 (9.9e-005)
301.736 .... 823 packets received, 5591 bps, 69.89%, Err 239 (9.9e-005)
304.107 .... 827 packets received, 5575 bps, 69.68%, Err 243 (1.0e-004)
310.737 .... 829 packets received, 5469 bps, 68.36%, Err 246 (9.9e-005)
313.908 .... 850 packets received, 5551 bps, 69.38%, Err 251 (1.0e-004)
321.841 .... 855 packets received, 5446 bps, 68.07%, Err 258 (1.0e-004)
328.469 .... 859 packets received, 5361 bps, 67.01%, Err 264 (1.0e-004)
332.441 .... 879 packets received, 5420 bps, 67.75%, Err 267 (1.0e-004)
335.371 .... 889 packets received, 5434 bps, 67.92%, Err 270 (1.0e-004)
337.998 .... 892 packets received, 5409 bps, 67.62%, Err 271 (1.0e-004)
340.128 .... 907 packets received, 5466 bps, 68.32%, Err 272 (1.0e-004)
342.241 .... 914 packets received, 5474 bps, 68.43%, Err 273 (1.0e-004)
344.612 .... 918 packets received, 5460 bps, 68.25%, Err 276 (1.0e-004)
346.742 .... 927 packets received, 5480 bps, 68.50%, Err 276 (1.0e-004)
349.129 .... 930 packets received, 5460 bps, 68.25%, Err 279 (1.0e-004)
352.045 .... 937 packets received, 5455 bps, 68.19%, Err 282 (1.0e-004)
354.158 .... 951 packets received, 5504 bps, 68.80%, Err 282 (1.0e-004)
356.545 .... 955 packets received, 5490 bps, 68.63%, Err 283 (9.9e-005)
358.660 .... 962 packets received, 5498 bps, 68.72%, Err 284 (9.9e-005)
365.546 .... 968 packets received, 5428 bps, 67.85%, Err 291 (1.0e-004)
369.246 .... 977 packets received, 5423 bps, 67.79%, Err 294 (1.0e-004)
371.921 .... 989 packets received, 5450 bps, 68.13%, Err 295 (9.9e-005)
375.092 .... 997 packets received, 5448 bps, 68.10%, Err 299 (1.0e-004)
381.977 .... 1005 packets received, 5392 bps, 67.41%, Err 309 (1.0e-004)
384.620 .... 1018 packets received, 5425 bps, 67.81%, Err 309 (1.0e-004)
386.751 .... 1025 packets received, 5432 bps, 67.90%, Err 310 (1.0e-004)
389.666 .... 1032 packets received, 5428 bps, 67.85%, Err 313 (1.0e-004)
392.308 .... 1040 packets received, 5433 bps, 67.92%, Err 316 (1.0e-004)
398.936 .... 1043 packets received, 5358 bps, 66.98%, Err 320 (1.0e-004)
406.863 .... 1061 packets received, 5344 bps, 66.81%, Err 325 (1.0e-004)
409.520 .... 1070 packets received, 5355 bps, 66.94%, Err 330 (1.0e-004)
412.692 .... 1081 packets received, 5368 bps, 67.10%, Err 331 (1.0e-004)
414.807 .... 1092 packets received, 5395 bps, 67.44%, Err 331 (1.0e-004)
416.926 .... 1100 packets received, 5407 bps, 67.59%, Err 331 (9.9e-005)
419.311 .... 1105 packets received, 5401 bps, 67.51%, Err 334 (1.0e-004)
421.969 .... 1108 packets received, 5381 bps, 67.27%, Err 337 (1.0e-004)
424.628 .... 1111 packets received, 5362 bps, 67.03%, Err 338 (1.0e-004)
432.298 .... 1121 packets received, 5314 bps, 66.43%, Err 346 (1.0e-004)
434.413 .... 1141 packets received, 5383 bps, 67.28%, Err 348 (1.0e-004)
437.072 .... 1145 packets received, 5369 bps, 67.11%, Err 349 (1.0e-004)
439.186 .... 1150 packets received, 5366 bps, 67.08%, Err 354 (1.0e-004)
441.828 .... 1156 packets received, 5362 bps, 67.02%, Err 355 (1.0e-004)
443.943 .... 1169 packets received, 5396 bps, 67.45%, Err 356 (1.0e-004)
446.073 .... 1176 packets received, 5403 bps, 67.53%, Err 356 (1.0e-004)
454.015 .... 1183 packets received, 5340 bps, 66.75%, Err 364 (1.0e-004)
456.130 .... 1193 packets received, 5360 bps, 67.00%, Err 365 (1.0e-004)
458.516 .... 1200 packets received, 5363 bps, 67.04%, Err 367 (1.0e-004)
460.645 .... 1206 packets received, 5365 bps, 67.06%, Err 368 (1.0e-004)
462.760 .... 1210 packets received, 5358 bps, 66.98%, Err 372 (1.0e-004)
465.403 .... 1215 packets received, 5350 bps, 66.87%, Err 376 (1.0e-004)
468.574 .... 1219 packets received, 5331 bps, 66.64%, Err 378 (1.0e-004)
471.505 .... 1226 packets received, 5328 bps, 66.61%, Err 381 (1.0e-004)
474.932 .... 1236 packets received, 5333 bps, 66.66%, Err 381 (1.0e-004)
478.119 .... 1242 packets received, 5323 bps, 66.54%, Err 385 (1.0e-004)
481.305 .... 1252 packets received, 5331 bps, 66.63%, Err 388 (1.0e-004)
483.435 .... 1266 packets received, 5366 bps, 67.08%, Err 388 (1.0e-004)
486.077 .... 1271 packets received, 5358 bps, 66.98%, Err 391 (1.0e-004)
488.191 .... 1283 packets received, 5385 bps, 67.32%, Err 391 (1.0e-004)
490.580 .... 1288 packets received, 5380 bps, 67.25%, Err 393 (1.0e-004)
501.949 .... 1290 packets received, 5266 bps, 65.83%, Err 403 (1.0e-004)
508.579 .... 1309 packets received, 5274 bps, 65.93%, Err 410 (1.0e-004)
511.237 .... 1318 packets received, 5283 bps, 66.04%, Err 412 (1.0e-004)
513.880 .... 1328 packets received, 5296 bps, 66.19%, Err 413 (1.0e-004)
521.278 .... 1332 packets received, 5236 bps, 65.45%, Err 417 (1.0e-004)
524.993 .... 1352 packets received, 5277 bps, 65.96%, Err 418 (1.0e-004)
527.380 .... 1357 packets received, 5273 bps, 65.91%, Err 422 (1.0e-004)
530.039 .... 1361 packets received, 5262 bps, 65.77%, Err 424 (1.0e-004)
532.681 .... 1367 packets received, 5259 bps, 65.73%, Err 426 (1.0e-004)
535.324 .... 1380 packets received, 5282 bps, 66.03%, Err 427 (1.0e-004)
537.437 .... 1392 packets received, 5307 bps, 66.34%, Err 427 (9.9e-005)
539.551 .... 1400 packets received, 5317 bps, 66.46%, Err 428 (9.9e-005)
542.722 .... 1406 packets received, 5308 bps, 66.36%, Err 434 (1.0e-004)
545.381 .... 1409 packets received, 5294 bps, 66.17%, Err 436 (1.0e-004)
551.996 .... 1411 packets received, 5238 bps, 65.47%, Err 441 (1.0e-004)
554.127 .... 1433 packets received, 5299 bps, 66.24%, Err 441 (9.9e-005)
556.241 .... 1440 packets received, 5305 bps, 66.31%, Err 443 (1.0e-004)
564.457 .... 1447 packets received, 5253 bps, 65.66%, Err 451 (1.0e-004)
567.356 .... 1462 packets received, 5280 bps, 66.00%, Err 453 (1.0e-004)
569.470 .... 1469 packets received, 5286 bps, 66.07%, Err 454 (1.0e-004)
571.601 .... 1475 packets received, 5287 bps, 66.09%, Err 455 (1.0e-004)
573.987 .... 1478 packets received, 5276 bps, 65.95%, Err 461 (1.0e-004)
576.886 .... 1480 packets received, 5257 bps, 65.71%, Err 463 (1.0e-004)
579.545 .... 1485 packets received, 5250 bps, 65.63%, Err 466 (1.0e-004)
582.203 .... 1493 packets received, 5255 bps, 65.68%, Err 467 (1.0e-004)
584.333 .... 1500 packets received, 5260 bps, 65.75%, Err 471 (1.0e-004)
586.975 .... 1503 packets received, 5247 bps, 65.58%, Err 475 (1.0e-004)
595.175 .... 1507 packets received, 5188 bps, 64.85%, Err 482 (1.0e-004)
597.848 .... 1527 packets received, 5233 bps, 65.42%, Err 482 (1.0e-004)
601.292 .... 1531 packets received, 5217 bps, 65.21%, Err 484 (1.0e-004)
604.463 .... 1538 packets received, 5213 bps, 65.17%, Err 485 (1.0e-004)
612.150 .... 1549 packets received, 5185 bps, 64.81%, Err 492 (1.0e-004)
614.521 .... 1568 packets received, 5228 bps, 65.35%, Err 493 (1.0e-004)
616.652 .... 1575 packets received, 5233 bps, 65.42%, Err 494 (1.0e-004)
618.765 .... 1583 packets received, 5242 bps, 65.52%, Err 495 (1.0e-004)
630.918 .... 1584 packets received, 5144 bps, 64.30%, Err 506 (1.0e-004)
633.048 .... 1605 packets received, 5195 bps, 64.93%, Err 508 (1.0e-004)
635.690 .... 1611 packets received, 5193 bps, 64.91%, Err 510 (1.0e-004)
638.347 .... 1618 packets received, 5193 bps, 64.92%, Err 513 (1.0e-004)
640.461 .... 1629 packets received, 5211 bps, 65.14%, Err 513 (1.0e-004)
642.591 .... 1637 packets received, 5220 bps, 65.25%, Err 513 (1.0e-004)
644.689 .... 1645 packets received, 5228 bps, 65.35%, Err 514 (1.0e-004)
646.819 .... 1652 packets received, 5233 bps, 65.41%, Err 515 (1.0e-004)
648.934 .... 1660 packets received, 5241 bps, 65.52%, Err 515 (9.9e-005)
656.076 .... 1664 packets received, 5197 bps, 64.96%, Err 523 (1.0e-004)
659.247 .... 1681 packets received, 5224 bps, 65.31%, Err 525 (1.0e-004)
661.360 .... 1688 packets received, 5229 bps, 65.37%, Err 526 (9.9e-005)
668.759 .... 1691 packets received, 5181 bps, 64.76%, Err 542 (1.0e-004)
671.946 .... 1706 packets received, 5202 bps, 65.02%, Err 542 (1.0e-004)
675.389 .... 1712 packets received, 5194 bps, 64.92%, Err 545 (1.0e-004)
677.519 .... 1723 packets received, 5211 bps, 65.13%, Err 545 (1.0e-004)
680.706 .... 1731 packets received, 5210 bps, 65.13%, Err 546 (1.0e-004)
683.092 .... 1739 packets received, 5216 bps, 65.20%, Err 547 (1.0e-004)
690.507 .... 1747 packets received, 5184 bps, 64.80%, Err 552 (1.0e-004)
693.150 .... 1766 packets received, 5220 bps, 65.25%, Err 555 (1.0e-004)
695.521 .... 1771 packets received, 5217 bps, 65.21%, Err 557 (1.0e-004)
698.164 .... 1780 packets received, 5224 bps, 65.30%, Err 558 (1.0e-004)
700.550 .... 1788 packets received, 5229 bps, 65.37%, Err 561 (1.0e-004)
703.240 .... 1791 packets received, 5218 bps, 65.22%, Err 564 (1.0e-004)
705.915 .... 1800 packets received, 5224 bps, 65.30%, Err 565 (1.0e-004)
708.575 .... 1809 packets received, 5231 bps, 65.38%, Err 568 (1.0e-004)
711.234 .... 1814 packets received, 5226 bps, 65.32%, Err 570 (1.0e-004)
713.877 .... 1824 packets received, 5235 bps, 65.44%, Err 572 (1.0e-004)
716.519 .... 1835 packets received, 5247 bps, 65.59%, Err 574 (1.0e-004)
719.178 .... 1843 packets received, 5250 bps, 65.63%, Err 577 (1.0e-004)
721.805 .... 1846 packets received, 5240 bps, 65.50%, Err 579 (1.0e-004)
728.178 .... 1849 packets received, 5202 bps, 65.03%, Err 585 (1.0e-004)
730.292 .... 1871 packets received, 5249 bps, 65.61%, Err 585 (1.0e-004)
733.191 .... 1878 packets received, 5248 bps, 65.60%, Err 587 (1.0e-004)
740.062 .... 1884 packets received, 5216 bps, 65.20%, Err 596 (1.0e-004)
743.249 .... 1897 packets received, 5229 bps, 65.36%, Err 598 (1.0e-004)
750.150 .... 1902 packets received, 5195 bps, 64.93%, Err 604 (1.0e-004)
753.081 .... 1921 packets received, 5226 bps, 65.33%, Err 608 (1.0e-004)
756.252 .... 1925 packets received, 5215 bps, 65.19%, Err 610 (1.0e-004)
758.366 .... 1939 packets received, 5238 bps, 65.48%, Err 610 (1.0e-004)
761.024 .... 1944 packets received, 5234 bps, 65.42%, Err 612 (1.0e-004)
764.180 .... 1954 packets received, 5239 bps, 65.48%, Err 614 (1.0e-004)
767.095 .... 1964 packets received, 5245 bps, 65.57%, Err 616 (1.0e-004)
773.708 .... 1969 packets received, 5214 bps, 65.17%, Err 620 (1.0e-004)
776.623 .... 1990 packets received, 5250 bps, 65.62%, Err 623 (1.0e-004)
779.007 .... 1994 packets received, 5244 bps, 65.55%, Err 626 (1.0e-004)
781.137 .... 2003 packets received, 5253 bps, 65.67%, Err 627 (1.0e-004)
783.251 .... 2010 packets received, 5258 bps, 65.72%, Err 627 (1.0e-004)
790.125 .... 2012 packets received, 5217 bps, 65.21%, Err 633 (1.0e-004)
794.099 .... 2030 packets received, 5237 bps, 65.47%, Err 637 (1.0e-004)
796.213 .... 2037 packets received, 5241 bps, 65.52%, Err 637 (1.0e-004)
798.343 .... 2039 packets received, 5233 bps, 65.41%, Err 639 (1.0e-004)
800.986 .... 2050 packets received, 5243 bps, 65.54%, Err 641 (1.0e-004)
803.083 .... 2060 packets received, 5255 bps, 65.69%, Err 641 (1.0e-004)
805.998 .... 2063 packets received, 5244 bps, 65.55%, Err 645 (1.0e-004)
808.113 .... 2076 packets received, 5263 bps, 65.79%, Err 646 (1.0e-004)
816.600 .... 2080 packets received, 5218 bps, 65.23%, Err 657 (1.0e-004)
819.516 .... 2094 packets received, 5235 bps, 65.44%, Err 659 (1.0e-004)
830.900 .... 2096 packets received, 5168 bps, 64.60%, Err 666 (1.0e-004)
833.815 .... 2117 packets received, 5202 bps, 65.02%, Err 668 (1.0e-004)
836.713 .... 2126 packets received, 5206 bps, 65.07%, Err 670 (1.0e-004)
839.371 .... 2135 packets received, 5211 bps, 65.14%, Err 672 (1.0e-004)
842.558 .... 2145 packets received, 5216 bps, 65.20%, Err 673 (1.0e-004)
845.729 .... 2152 packets received, 5213 bps, 65.16%, Err 676 (1.0e-004)
847.843 .... 2165 packets received, 5231 bps, 65.39%, Err 676 (1.0e-004)
849.956 .... 2173 packets received, 5238 bps, 65.47%, Err 678 (1.0e-004)
852.343 .... 2178 packets received, 5235 bps, 65.44%, Err 679 (1.0e-004)
854.458 .... 2185 packets received, 5239 bps, 65.49%, Err 682 (1.0e-004)
857.101 .... 2192 packets received, 5239 bps, 65.49%, Err 686 (1.0e-004)
859.743 .... 2197 packets received, 5235 bps, 65.44%, Err 688 (1.0e-004)
862.657 .... 2207 packets received, 5241 bps, 65.52%, Err 690 (1.0e-004)
875.114 .... 2218 packets received, 5192 bps, 64.91%, Err 703 (1.0e-004)
878.285 .... 2237 packets received, 5218 bps, 65.22%, Err 705 (1.0e-004)
881.472 .... 2243 packets received, 5213 bps, 65.16%, Err 707 (1.0e-004)
883.601 .... 2256 packets received, 5231 bps, 65.38%, Err 708 (1.0e-004)
885.715 .... 2264 packets received, 5237 bps, 65.46%, Err 709 (1.0e-004)
888.357 .... 2268 packets received, 5230 bps, 65.38%, Err 711 (1.0e-004)
891.271 .... 2277 packets received, 5234 bps, 65.42%, Err 716 (1.0e-004)
893.914 .... 2282 packets received, 5230 bps, 65.37%, Err 721 (1.0e-004)
900.528 .... 2284 packets received, 5196 bps, 64.95%, Err 724 (1.0e-004)
902.641 .... 2305 packets received, 5231 bps, 65.39%, Err 724 (1.0e-004)
905.028 .... 2310 packets received, 5229 bps, 65.36%, Err 725 (1.0e-004)
907.943 .... 2320 packets received, 5235 bps, 65.43%, Err 726 (1.0e-004)
910.602 .... 2329 packets received, 5240 bps, 65.50%, Err 727 (1.0e-004)
913.502 .... 2339 packets received, 5246 bps, 65.57%, Err 729 (1.0e-004)
916.689 .... 2346 packets received, 5243 bps, 65.54%, Err 733 (1.0e-004)
918.820 .... 2359 packets received, 5260 bps, 65.75%, Err 733 (1.0e-004)
920.949 .... 2366 packets received, 5263 bps, 65.79%, Err 735 (1.0e-004)
927.562 .... 2368 packets received, 5230 bps, 65.38%, Err 742 (1.0e-004)
930.732 .... 2381 packets received, 5241 bps, 65.51%, Err 745 (1.0e-004)
932.862 .... 2388 packets received, 5244 bps, 65.55%, Err 746 (1.0e-004)
935.233 .... 2392 packets received, 5240 bps, 65.50%, Err 748 (1.0e-004)
941.590 .... 2397 packets received, 5215 bps, 65.19%, Err 753 (1.0e-004)
944.232 .... 2408 packets received, 5224 bps, 65.31%, Err 754 (1.0e-004)
946.362 .... 2416 packets received, 5230 bps, 65.38%, Err 758 (1.0e-004)
949.532 .... 2424 packets received, 5230 bps, 65.37%, Err 760 (1.0e-004)
952.175 .... 2430 packets received, 5228 bps, 65.35%, Err 763 (1.0e-004)
958.515 .... 2435 packets received, 5204 bps, 65.05%, Err 769 (1.0e-004)
961.958 .... 2450 packets received, 5218 bps, 65.22%, Err 770 (1.0e-004)
964.889 .... 2456 packets received, 5214 bps, 65.18%, Err 773 (1.0e-004)
967.003 .... 2466 packets received, 5224 bps, 65.30%, Err 773 (1.0e-004)
969.116 .... 2474 packets received, 5230 bps, 65.37%, Err 773 (1.0e-004)
972.288 .... 2481 packets received, 5227 bps, 65.34%, Err 777 (1.0e-004)
974.947 .... 2488 packets received, 5228 bps, 65.35%, Err 779 (1.0e-004)
977.861 .... 2499 packets received, 5235 bps, 65.44%, Err 781 (1.0e-004)
980.521 .... 2504 packets received, 5232 bps, 65.40%, Err 783 (1.0e-004)
987.406 .... 2513 packets received, 5214 bps, 65.17%, Err 791 (1.0e-004)
990.049 .... 2530 packets received, 5235 bps, 65.44%, Err 791 (1.0e-004)
992.162 .... 2537 packets received, 5238 bps, 65.48%, Err 794 (1.0e-004)
994.277 .... 2544 packets received, 5242 bps, 65.52%, Err 794 (1.0e-004)
996.391 .... 2548 packets received, 5239 bps, 65.48%, Err 795 (1.0e-004)
998.504 .... 2558 packets received, 5248 bps, 65.60%, Err 796 (1.0e-004)
1001.404 .... 2564 packets received, 5245 bps, 65.57%, Err 799 (1.0e-004)
1004.589 .... 2567 packets received, 5235 bps, 65.43%, Err 801 (1.0e-004)
1007.487 .... 2572 packets received, 5230 bps, 65.37%, Err 806 (1.0e-004)
1010.675 .... 2582 packets received, 5234 bps, 65.42%, Err 808 (1.0e-004)
1024.173 .... 2588 packets received, 5177 bps, 64.71%, Err 821 (1.0e-004)
1027.088 .... 2603 packets received, 5192 bps, 64.90%, Err 825 (1.0e-004)
1030.274 .... 2612 packets received, 5194 bps, 64.92%, Err 833 (1.0e-004)
1033.444 .... 2614 packets received, 5182 bps, 64.77%, Err 834 (1.0e-004)
1036.375 .... 2620 packets received, 5179 bps, 64.74%, Err 838 (1.0e-004)
1038.490 .... 2633 packets received, 5194 bps, 64.92%, Err 840 (1.0e-004)
1041.405 .... 2639 packets received, 5191 bps, 64.89%, Err 843 (1.0e-004)
1043.535 .... 2650 packets received, 5202 bps, 65.03%, Err 843 (1.0e-004)
1045.906 .... 2655 packets received, 5200 bps, 65.00%, Err 844 (1.0e-004)
1048.037 .... 2665 packets received, 5209 bps, 65.11%, Err 845 (1.0e-004)
1055.451 .... 2669 packets received, 5180 bps, 64.75%, Err 851 (1.0e-004)
1058.109 .... 2683 packets received, 5194 bps, 64.93%, Err 852 (1.0e-004)
1061.280 .... 2691 packets received, 5194 bps, 64.93%, Err 855 (1.0e-004)
1069.462 .... 2695 packets received, 5162 bps, 64.53%, Err 858 (1.0e-004)
1072.376 .... 2715 packets received, 5186 bps, 64.83%, Err 860 (1.0e-004)
1075.820 .... 2722 packets received, 5183 bps, 64.79%, Err 862 (1.0e-004)
1078.990 .... 2730 packets received, 5183 bps, 64.79%, Err 865 (1.0e-004)
1082.434 .... 2738 packets received, 5182 bps, 64.77%, Err 866 (1.0e-004)
1084.563 .... 2750 packets received, 5194 bps, 64.93%, Err 868 (1.0e-004)
1092.761 .... 2757 packets received, 5168 bps, 64.61%, Err 874 (1.0e-004)
1096.220 .... 2776 packets received, 5188 bps, 64.85%, Err 875 (1.0e-004)
1098.334 .... 2784 packets received, 5193 bps, 64.91%, Err 876 (1.0e-004)
1101.506 .... 2789 packets received, 5187 bps, 64.84%, Err 878 (1.0e-004)
1104.692 .... 2797 packets received, 5187 bps, 64.83%, Err 882 (1.0e-004)
1107.864 .... 2800 packets received, 5177 bps, 64.72%, Err 885 (1.0e-004)
1126.120 .... 2814 packets received, 5119 bps, 63.99%, Err 900 (1.0e-004)
1128.234 .... 2835 packets received, 5147 bps, 64.34%, Err 901 (1.0e-004)
1140.626 .... 2839 packets received, 5099 bps, 63.73%, Err 914 (1.0e-004)
1147.271 .... 2849 packets received, 5087 bps, 63.59%, Err 918 (1.0e-004)
1149.369 .... 2870 packets received, 5115 bps, 63.94%, Err 919 (1.0e-004)
1156.528 .... 2873 packets received, 5089 bps, 63.61%, Err 926 (1.0e-004)
1159.714 .... 2889 packets received, 5103 bps, 63.79%, Err 928 (1.0e-004)
1162.628 .... 2895 packets received, 5101 bps, 63.76%, Err 930 (1.0e-004)
1164.741 .... 2905 packets received, 5109 bps, 63.87%, Err 931 (1.0e-004)
1166.855 .... 2912 packets received, 5112 bps, 63.90%, Err 931 (1.0e-004)
1168.970 .... 2920 packets received, 5117 bps, 63.96%, Err 932 (1.0e-004)
1182.437 .... 2927 packets received, 5071 bps, 63.39%, Err 946 (1.0e-004)
1184.567 .... 2948 packets received, 5098 bps, 63.73%, Err 948 (1.0e-004)
1186.698 .... 2949 packets received, 5091 bps, 63.63%, Err 950 (1.0e-004)
1189.100 .... 2954 packets received, 5089 bps, 63.61%, Err 954 (1.0e-004)
1195.184 .... 2955 packets received, 5065 bps, 63.31%, Err 959 (1.0e-004)
1197.314 .... 2975 packets received, 5090 bps, 63.62%, Err 959 (1.0e-004)
1199.428 .... 2983 packets received, 5095 bps, 63.68%, Err 962 (1.0e-004)
1202.359 .... 2989 packets received, 5092 bps, 63.66%, Err 963 (1.0e-004)
1205.001 .... 2998 packets received, 5097 bps, 63.71%, Err 964 (1.0e-004)
1213.216 .... 3008 packets received, 5079 bps, 63.49%, Err 970 (1.0e-004)
1215.859 .... 3025 packets received, 5097 bps, 63.71%, Err 971 (1.0e-004)
1222.476 .... 3032 packets received, 5081 bps, 63.51%, Err 978 (1.0e-004)
1225.119 .... 3052 packets received, 5103 bps, 63.79%, Err 979 (1.0e-004)
1228.289 .... 3058 packets received, 5100 bps, 63.75%, Err 980 (1.0e-004)
1230.403 .... 3067 packets received, 5106 bps, 63.83%, Err 983 (1.0e-004)
1233.045 .... 3070 packets received, 5100 bps, 63.75%, Err 986 (1.0e-004)
1239.387 .... 3073 packets received, 5079 bps, 63.49%, Err 991 (1.0e-004)
1241.772 .... 3091 packets received, 5099 bps, 63.74%, Err 992 (1.0e-004)
1244.943 .... 3093 packets received, 5089 bps, 63.62%, Err 997 (1.0e-004)
1247.857 .... 3096 packets received, 5082 bps, 63.53%, Err 1000 (1.0e-004)
1250.244 .... 3102 packets received, 5083 bps, 63.53%, Err 1000 (1.0e-004)
1252.373 .... 3114 packets received, 5093 bps, 63.67%, Err 1001 (1.0e-004)
1254.487 .... 3122 packets received, 5098 bps, 63.72%, Err 1003 (1.0e-004)
1261.357 .... 3123 packets received, 5072 bps, 63.40%, Err 1009 (1.0e-004)
1263.487 .... 3139 packets received, 5089 bps, 63.62%, Err 1011 (1.0e-004)
1265.601 .... 3145 packets received, 5090 bps, 63.63%, Err 1013 (1.0e-004)
1268.516 .... 3150 packets received, 5087 bps, 63.58%, Err 1017 (1.0e-004)
1271.688 .... 3159 packets received, 5089 bps, 63.61%, Err 1019 (1.0e-004)
1275.130 .... 3171 packets received, 5094 bps, 63.68%, Err 1024 (1.0e-004)
1282.256 .... 3177 packets received, 5075 bps, 63.44%, Err 1028 (1.0e-004)
1289.414 .... 3193 packets received, 5073 bps, 63.41%, Err 1034 (1.0e-004)
1292.586 .... 3206 packets received, 5081 bps, 63.51%, Err 1034 (1.0e-004)
1295.741 .... 3216 packets received, 5084 bps, 63.55%, Err 1038 (1.0e-004)
1298.911 .... 3221 packets received, 5080 bps, 63.50%, Err 1040 (1.0e-004)
1301.042 .... 3237 packets received, 5097 bps, 63.71%, Err 1040 (1.0e-004)
1303.140 .... 3240 packets received, 5093 bps, 63.66%, Err 1043 (1.0e-004)
1321.426 .... 3245 packets received, 5030 bps, 62.88%, Err 1063 (1.0e-004)
1324.869 .... 3265 packets received, 5048 bps, 63.10%, Err 1066 (1.0e-004)
1326.984 .... 3271 packets received, 5049 bps, 63.12%, Err 1068 (1.0e-004)
1338.640 .... 3275 packets received, 5012 bps, 62.64%, Err 1079 (1.0e-004)
1345.269 .... 3294 packets received, 5016 bps, 62.70%, Err 1084 (1.0e-004)
1347.895 .... 3304 packets received, 5021 bps, 62.76%, Err 1085 (1.0e-004)
1351.339 .... 3315 packets received, 5025 bps, 62.81%, Err 1089 (1.0e-004)
1353.453 .... 3326 packets received, 5034 bps, 62.92%, Err 1089 (1.0e-004)
1355.567 .... 3329 packets received, 5031 bps, 62.88%, Err 1090 (1.0e-004)
1357.664 .... 3341 packets received, 5041 bps, 63.01%, Err 1090 (1.0e-004)
1360.051 .... 3345 packets received, 5038 bps, 62.98%, Err 1093 (1.0e-004)
1362.150 .... 3356 packets received, 5047 bps, 63.09%, Err 1093 (1.0e-004)
1364.280 .... 3359 packets received, 5043 bps, 63.04%, Err 1097 (1.0e-004)
1370.893 .... 3361 packets received, 5022 bps, 62.78%, Err 1102 (1.0e-004)
1373.264 .... 3379 packets received, 5040 bps, 63.00%, Err 1106 (1.0e-004)
1375.651 .... 3383 packets received, 5038 bps, 62.97%, Err 1107 (1.0e-004)
1377.797 .... 3395 packets received, 5047 bps, 63.09%, Err 1107 (1.0e-004)
1380.696 .... 3401 packets received, 5046 bps, 63.07%, Err 1110 (1.0e-004)
1382.826 .... 3412 packets received, 5054 bps, 63.18%, Err 1110 (1.0e-004)
1385.724 .... 3418 packets received, 5053 bps, 63.16%, Err 1113 (1.0e-004)
1387.838 .... 3429 packets received, 5061 bps, 63.26%, Err 1115 (1.0e-004)
1405.308 .... 3433 packets received, 5004 bps, 62.55%, Err 1125 (1.0e-004)
1407.439 .... 3455 packets received, 5028 bps, 62.86%, Err 1126 (1.0e-004)
1409.552 .... 3458 packets received, 5025 bps, 62.82%, Err 1128 (1.0e-004)
1412.724 .... 3467 packets received, 5027 bps, 62.84%, Err 1130 (1.0e-004)
1414.838 .... 3479 packets received, 5037 bps, 62.96%, Err 1131 (1.0e-004)
1421.451 .... 3480 packets received, 5015 bps, 62.69%, Err 1137 (1.0e-004)
1424.622 .... 3493 packets received, 5022 bps, 62.78%, Err 1140 (1.0e-004)
1426.751 .... 3504 packets received, 5031 bps, 62.88%, Err 1141 (1.0e-004)
1428.865 .... 3512 packets received, 5035 bps, 62.93%, Err 1141 (1.0e-004)
1437.319 .... 3519 packets received, 5015 bps, 62.69%, Err 1150 (1.0e-004)
1440.779 .... 3535 packets received, 5026 bps, 62.82%, Err 1154 (1.0e-004)
1457.464 .... 3536 packets received, 4970 bps, 62.12%, Err 1168 (1.0e-004)
1460.106 .... 3556 packets received, 4989 bps, 62.36%, Err 1172 (1.0e-004)
1462.748 .... 3559 packets received, 4984 bps, 62.30%, Err 1173 (1.0e-004)
1464.879 .... 3575 packets received, 4999 bps, 62.49%, Err 1173 (1.0e-004)
1468.050 .... 3583 packets received, 4999 bps, 62.49%, Err 1175 (1.0e-004)
1474.407 .... 3587 packets received, 4983 bps, 62.29%, Err 1180 (1.0e-004)
1476.522 .... 3598 packets received, 4992 bps, 62.39%, Err 1180 (1.0e-004)
1479.708 .... 3608 packets received, 4995 bps, 62.43%, Err 1185 (1.0e-004)
1502.463 .... 3612 packets received, 4924 bps, 61.56%, Err 1207 (1.0e-004)
1510.150 .... 3632 packets received, 4927 bps, 61.58%, Err 1212 (1.0e-004)
1512.264 .... 3654 packets received, 4949 bps, 61.87%, Err 1212 (1.0e-004)
1514.395 .... 3661 packets received, 4952 bps, 61.90%, Err 1214 (1.0e-004)
1517.037 .... 3666 packets received, 4950 bps, 61.88%, Err 1216 (1.0e-004)
1519.167 .... 3676 packets received, 4957 bps, 61.96%, Err 1216 (1.0e-004)
1521.810 .... 3682 packets received, 4956 bps, 61.95%, Err 1217 (1.0e-004)
1524.197 .... 3690 packets received, 4959 bps, 61.99%, Err 1219 (1.0e-004)
1527.367 .... 3701 packets received, 4964 bps, 62.04%, Err 1223 (1.0e-004)
1530.282 .... 3705 packets received, 4959 bps, 61.99%, Err 1226 (1.0e-004)
1533.469 .... 3714 packets received, 4961 bps, 62.01%, Err 1230 (1.0e-004)
1536.127 .... 3719 packets received, 4959 bps, 61.99%, Err 1235 (1.0e-004)
1538.770 .... 3728 packets received, 4963 bps, 62.03%, Err 1236 (1.0e-004)
1545.368 .... 3730 packets received, 4944 bps, 61.80%, Err 1243 (1.0e-004)
1545.657 TCP Disconnected.
