datalink bf -ber 1e-4 
=========================================================================
                          Station B                                 
-------------------------------------------------------------------------
Protocol.lib, version 3.0, Build: Oct 19 2009 (jiangy@public3.bta.net.cn)
Channel: 8000 bps, 270 ms propagation delay, bit error rate 1.0E-004
Log file "datalink-B.log", TCP port 59144, debug mask 0x00
Station B is connecting station A (TCP port 59144) ... Done.
New epoch: Fri May 01 11:04:07 2015
=========================================================================
Designed by Mr.Phoebe, build: May  1 2015  10:25:11
2.941 .... 5 packets received, 3853 bps, 48.16%, Err 3 (1.3e-004)
6.129 .... 9 packets received, 3153 bps, 39.41%, Err 6 (1.2e-004)
9.300 .... 20 packets received, 4543 bps, 56.78%, Err 7 (9.4e-005)
11.414 .... 36 packets received, 6624 bps, 82.80%, Err 9 (9.9e-005)
14.585 .... 42 packets received, 6014 bps, 75.18%, Err 11 (9.4e-005)
16.699 .... 53 packets received, 6612 bps, 82.65%, Err 11 (8.2e-005)
18.813 .... 56 packets received, 6189 bps, 77.37%, Err 15 (1.0e-004)
22.257 .... 60 packets received, 5592 bps, 69.90%, Err 18 (1.0e-004)
25.690 .... 70 packets received, 5643 bps, 70.53%, Err 22 (1.1e-004)
28.893 .... 82 packets received, 5870 bps, 73.37%, Err 24 (1.0e-004)
36.804 .... 87 packets received, 4879 bps, 60.98%, Err 32 (1.1e-004)
38.934 .... 103 packets received, 5458 bps, 68.22%, Err 34 (1.1e-004)
45.820 .... 111 packets received, 4992 bps, 62.40%, Err 38 (1.0e-004)
48.720 .... 124 packets received, 5243 bps, 65.54%, Err 40 (1.0e-004)
51.362 .... 135 packets received, 5413 bps, 67.66%, Err 42 (1.0e-004)
54.021 .... 137 packets received, 5221 bps, 65.26%, Err 45 (1.0e-004)
56.664 .... 150 packets received, 5449 bps, 68.11%, Err 47 (1.0e-004)
59.291 .... 158 packets received, 5484 bps, 68.55%, Err 48 (1.0e-004)
62.477 .... 172 packets received, 5664 bps, 70.80%, Err 50 (1.0e-004)
69.105 .... 175 packets received, 5208 bps, 65.10%, Err 56 (1.0e-004)
72.019 .... 191 packets received, 5453 bps, 68.16%, Err 57 (9.9e-005)
74.149 .... 200 packets received, 5545 bps, 69.31%, Err 57 (9.6e-005)
76.791 .... 203 packets received, 5434 bps, 67.92%, Err 60 (9.8e-005)
79.433 .... 211 packets received, 5460 bps, 68.25%, Err 63 (9.9e-005)
82.076 .... 218 packets received, 5458 bps, 68.23%, Err 64 (9.8e-005)
84.189 .... 227 packets received, 5541 bps, 69.26%, Err 68 (1.0e-004)
86.847 .... 231 packets received, 5465 bps, 68.31%, Err 72 (1.0e-004)
89.488 .... 233 packets received, 5349 bps, 66.87%, Err 74 (1.0e-004)
92.148 .... 239 packets received, 5328 bps, 66.60%, Err 76 (1.0e-004)
94.806 .... 247 packets received, 5352 bps, 66.90%, Err 78 (1.0e-004)
97.721 .... 255 packets received, 5360 bps, 67.00%, Err 80 (1.0e-004)
99.818 .... 265 packets received, 5453 bps, 68.16%, Err 81 (1.0e-004)
106.976 .... 269 packets received, 5164 bps, 64.54%, Err 88 (1.0e-004)
109.618 .... 282 packets received, 5282 bps, 66.03%, Err 88 (1.0e-004)
112.790 .... 292 packets received, 5315 bps, 66.44%, Err 91 (1.0e-004)
114.903 .... 302 packets received, 5396 bps, 67.45%, Err 91 (9.9e-005)
117.800 .... 305 packets received, 5315 bps, 66.44%, Err 95 (1.0e-004)
120.443 .... 309 packets received, 5267 bps, 65.83%, Err 97 (1.0e-004)
123.357 .... 318 packets received, 5292 bps, 66.15%, Err 99 (1.0e-004)
131.059 .... 327 packets received, 5121 bps, 64.01%, Err 105 (1.0e-004)
133.429 .... 346 packets received, 5322 bps, 66.53%, Err 107 (1.0e-004)
141.116 .... 350 packets received, 5090 bps, 63.62%, Err 112 (9.9e-005)
143.774 .... 364 packets received, 5195 bps, 64.94%, Err 115 (1.0e-004)
150.132 .... 369 packets received, 5043 bps, 63.04%, Err 125 (1.0e-004)
152.518 .... 379 packets received, 5099 bps, 63.73%, Err 125 (1.0e-004)
155.704 .... 389 packets received, 5126 bps, 64.07%, Err 125 (1.0e-004)
158.619 .... 394 packets received, 5096 bps, 63.70%, Err 128 (1.0e-004)
161.260 .... 402 packets received, 5114 bps, 63.93%, Err 132 (1.0e-004)
163.903 .... 407 packets received, 5094 bps, 63.68%, Err 136 (1.0e-004)
172.374 .... 414 packets received, 4927 bps, 61.59%, Err 140 (1.0e-004)
174.504 .... 436 packets received, 5125 bps, 64.07%, Err 140 (1.0e-004)
176.874 .... 441 packets received, 5114 bps, 63.93%, Err 141 (1.0e-004)
179.260 .... 449 packets received, 5138 bps, 64.22%, Err 144 (1.0e-004)
185.618 .... 452 packets received, 4995 bps, 62.43%, Err 150 (1.0e-004)
192.231 .... 458 packets received, 4887 bps, 61.08%, Err 156 (1.0e-004)
194.345 .... 480 packets received, 5066 bps, 63.32%, Err 158 (1.0e-004)
196.459 .... 487 packets received, 5084 bps, 63.55%, Err 158 (1.0e-004)
198.573 .... 494 packets received, 5102 bps, 63.78%, Err 159 (1.0e-004)
200.686 .... 502 packets received, 5130 bps, 64.13%, Err 160 (1.0e-004)
203.329 .... 505 packets received, 5094 bps, 63.67%, Err 162 (1.0e-004)
206.228 .... 512 packets received, 5092 bps, 63.64%, Err 165 (1.0e-004)
209.414 .... 527 packets received, 5161 bps, 64.51%, Err 168 (1.0e-004)
215.773 .... 531 packets received, 5047 bps, 63.08%, Err 173 (1.0e-004)
224.005 .... 552 packets received, 5053 bps, 63.16%, Err 178 (9.9e-005)
226.647 .... 572 packets received, 5175 bps, 64.69%, Err 182 (1.0e-004)
228.777 .... 578 packets received, 5181 bps, 64.76%, Err 183 (1.0e-004)
231.948 .... 582 packets received, 5145 bps, 64.31%, Err 185 (1.0e-004)
239.924 .... 591 packets received, 5051 bps, 63.13%, Err 193 (1.0e-004)
242.294 .... 603 packets received, 5103 bps, 63.79%, Err 194 (1.0e-004)
244.696 .... 608 packets received, 5095 bps, 63.68%, Err 195 (1.0e-004)
246.809 .... 614 packets received, 5101 bps, 63.76%, Err 197 (1.0e-004)
249.724 .... 622 packets received, 5107 bps, 63.84%, Err 201 (1.0e-004)
257.940 .... 633 packets received, 5031 bps, 62.89%, Err 208 (1.0e-004)
260.839 .... 641 packets received, 5038 bps, 62.98%, Err 211 (1.0e-004)
262.969 .... 652 packets received, 5083 bps, 63.54%, Err 214 (1.0e-004)
275.413 .... 657 packets received, 4891 bps, 61.13%, Err 222 (1.0e-004)
278.071 .... 677 packets received, 4991 bps, 62.39%, Err 226 (1.0e-004)
280.712 .... 681 packets received, 4973 bps, 62.17%, Err 227 (1.0e-004)
282.842 .... 695 packets received, 5037 bps, 62.97%, Err 228 (1.0e-004)
284.955 .... 702 packets received, 5050 bps, 63.13%, Err 230 (1.0e-004)
287.070 .... 709 packets received, 5063 bps, 63.29%, Err 230 (1.0e-004)
290.240 .... 714 packets received, 5043 bps, 63.04%, Err 232 (1.0e-004)
292.354 .... 723 packets received, 5070 bps, 63.37%, Err 233 (1.0e-004)
305.358 .... 733 packets received, 4921 bps, 61.51%, Err 246 (1.0e-004)
307.471 .... 755 packets received, 5034 bps, 62.92%, Err 248 (1.0e-004)
309.584 .... 762 packets received, 5045 bps, 63.07%, Err 248 (1.0e-004)
311.714 .... 765 packets received, 5031 bps, 62.88%, Err 250 (1.0e-004)
313.845 .... 776 packets received, 5068 bps, 63.35%, Err 250 (1.0e-004)
315.958 .... 784 packets received, 5086 bps, 63.58%, Err 251 (9.9e-005)
318.858 .... 787 packets received, 5059 bps, 63.24%, Err 255 (1.0e-004)
321.489 .... 792 packets received, 5050 bps, 63.12%, Err 255 (9.9e-005)
328.373 .... 803 packets received, 5012 bps, 62.66%, Err 262 (1.0e-004)
332.088 .... 823 packets received, 5080 bps, 63.50%, Err 264 (9.9e-005)
334.186 .... 831 packets received, 5097 bps, 63.71%, Err 265 (9.9e-005)
336.860 .... 835 packets received, 5081 bps, 63.51%, Err 266 (9.9e-005)
339.774 .... 843 packets received, 5085 bps, 63.57%, Err 270 (9.9e-005)
344.291 .... 847 packets received, 5042 bps, 63.03%, Err 276 (1.0e-004)
346.677 .... 855 packets received, 5055 bps, 63.19%, Err 280 (1.0e-004)
349.593 .... 866 packets received, 5077 bps, 63.47%, Err 281 (1.0e-004)
351.723 .... 875 packets received, 5099 bps, 63.74%, Err 282 (1.0e-004)
353.837 .... 883 packets received, 5115 bps, 63.94%, Err 282 (1.0e-004)
360.995 .... 887 packets received, 5036 bps, 62.95%, Err 289 (1.0e-004)
363.893 .... 906 packets received, 5103 bps, 63.79%, Err 290 (1.0e-004)
367.079 .... 910 packets received, 5081 bps, 63.51%, Err 292 (9.9e-005)
370.523 .... 919 packets received, 5083 bps, 63.54%, Err 295 (1.0e-004)
373.165 .... 931 packets received, 5113 bps, 63.92%, Err 300 (1.0e-004)
375.823 .... 933 packets received, 5088 bps, 63.60%, Err 301 (1.0e-004)
383.750 .... 941 packets received, 5026 bps, 62.82%, Err 308 (1.0e-004)
386.152 .... 961 packets received, 5101 bps, 63.76%, Err 309 (1.0e-004)
388.522 .... 968 packets received, 5106 bps, 63.83%, Err 311 (1.0e-004)
395.424 .... 971 packets received, 5033 bps, 62.91%, Err 318 (1.0e-004)
398.067 .... 983 packets received, 5061 bps, 63.26%, Err 320 (1.0e-004)
400.965 .... 990 packets received, 5060 bps, 63.25%, Err 321 (1.0e-004)
403.095 .... 998 packets received, 5074 bps, 63.43%, Err 322 (1.0e-004)
405.208 .... 1008 packets received, 5098 bps, 63.73%, Err 322 (9.9e-005)
408.107 .... 1015 packets received, 5097 bps, 63.71%, Err 324 (9.9e-005)
414.737 .... 1016 packets received, 5021 bps, 62.76%, Err 333 (1.0e-004)
417.369 .... 1034 packets received, 5077 bps, 63.47%, Err 334 (1.0e-004)
420.556 .... 1041 packets received, 5073 bps, 63.41%, Err 337 (1.0e-004)
423.470 .... 1051 packets received, 5086 bps, 63.58%, Err 339 (1.0e-004)
431.412 .... 1060 packets received, 5035 bps, 62.94%, Err 346 (1.0e-004)
433.527 .... 1072 packets received, 5067 bps, 63.34%, Err 348 (1.0e-004)
435.930 .... 1079 packets received, 5072 bps, 63.41%, Err 349 (1.0e-004)
438.845 .... 1085 packets received, 5067 bps, 63.33%, Err 351 (1.0e-004)
440.976 .... 1096 packets received, 5093 bps, 63.67%, Err 351 (1.0e-004)
444.147 .... 1104 packets received, 5094 bps, 63.67%, Err 355 (1.0e-004)
450.489 .... 1106 packets received, 5031 bps, 62.89%, Err 361 (1.0e-004)
452.874 .... 1120 packets received, 5068 bps, 63.35%, Err 362 (1.0e-004)
456.318 .... 1129 packets received, 5070 bps, 63.38%, Err 364 (1.0e-004)
458.448 .... 1131 packets received, 5056 bps, 63.19%, Err 366 (1.0e-004)
461.090 .... 1139 packets received, 5062 bps, 63.28%, Err 366 (9.9e-005)
468.792 .... 1154 packets received, 5044 bps, 63.06%, Err 375 (1.0e-004)
471.706 .... 1168 packets received, 5074 bps, 63.43%, Err 378 (1.0e-004)
473.820 .... 1175 packets received, 5082 bps, 63.52%, Err 379 (1.0e-004)
477.007 .... 1179 packets received, 5065 bps, 63.31%, Err 383 (1.0e-004)
480.449 .... 1191 packets received, 5080 bps, 63.50%, Err 388 (1.0e-004)
483.636 .... 1195 packets received, 5063 bps, 63.29%, Err 389 (1.0e-004)
485.749 .... 1213 packets received, 5117 bps, 63.96%, Err 389 (1.0e-004)
488.648 .... 1220 packets received, 5116 bps, 63.95%, Err 390 (1.0e-004)
491.835 .... 1230 packets received, 5125 bps, 64.06%, Err 393 (1.0e-004)
495.006 .... 1241 packets received, 5137 bps, 64.22%, Err 396 (1.0e-004)
501.604 .... 1244 packets received, 5082 bps, 63.52%, Err 402 (1.0e-004)
504.519 .... 1264 packets received, 5134 bps, 64.17%, Err 405 (1.0e-004)
507.163 .... 1271 packets received, 5135 bps, 64.19%, Err 406 (1.0e-004)
509.805 .... 1281 packets received, 5149 bps, 64.36%, Err 408 (1.0e-004)
511.935 .... 1291 packets received, 5168 bps, 64.59%, Err 408 (1.0e-004)
514.321 .... 1294 packets received, 5155 bps, 64.44%, Err 411 (1.0e-004)
520.920 .... 1297 packets received, 5102 bps, 63.77%, Err 418 (1.0e-004)
523.835 .... 1315 packets received, 5144 bps, 64.30%, Err 420 (1.0e-004)
526.494 .... 1322 packets received, 5145 bps, 64.31%, Err 425 (1.0e-004)
529.153 .... 1325 packets received, 5131 bps, 64.14%, Err 428 (1.0e-004)
535.511 .... 1330 packets received, 5089 bps, 63.61%, Err 434 (1.0e-004)
538.425 .... 1348 packets received, 5130 bps, 64.13%, Err 435 (1.0e-004)
540.813 .... 1353 packets received, 5126 bps, 64.08%, Err 437 (1.0e-004)
543.456 .... 1361 packets received, 5132 bps, 64.14%, Err 439 (1.0e-004)
545.586 .... 1372 packets received, 5153 bps, 64.41%, Err 439 (1.0e-004)
548.758 .... 1379 packets received, 5149 bps, 64.36%, Err 441 (1.0e-004)
551.400 .... 1389 packets received, 5162 bps, 64.52%, Err 442 (1.0e-004)
554.314 .... 1395 packets received, 5157 bps, 64.46%, Err 444 (1.0e-004)
556.957 .... 1407 packets received, 5176 bps, 64.70%, Err 446 (1.0e-004)
559.615 .... 1412 packets received, 5170 bps, 64.63%, Err 449 (1.0e-004)
561.729 .... 1425 packets received, 5198 bps, 64.98%, Err 449 (1.0e-004)
568.872 .... 1429 packets received, 5147 bps, 64.34%, Err 455 (1.0e-004)
576.831 .... 1441 packets received, 5119 bps, 63.98%, Err 463 (1.0e-004)
578.946 .... 1449 packets received, 5128 bps, 64.10%, Err 466 (1.0e-004)
582.405 .... 1460 packets received, 5137 bps, 64.21%, Err 468 (1.0e-004)
584.519 .... 1473 packets received, 5164 bps, 64.54%, Err 468 (1.0e-004)
586.921 .... 1477 packets received, 5156 bps, 64.45%, Err 469 (1.0e-004)
593.535 .... 1481 packets received, 5113 bps, 63.91%, Err 476 (1.0e-004)
595.634 .... 1491 packets received, 5129 bps, 64.11%, Err 478 (1.0e-004)
598.291 .... 1499 packets received, 5134 bps, 64.17%, Err 479 (1.0e-004)
600.436 .... 1502 packets received, 5126 bps, 64.07%, Err 481 (1.0e-004)
602.550 .... 1512 packets received, 5142 bps, 64.27%, Err 481 (1.0e-004)
605.737 .... 1519 packets received, 5138 bps, 64.23%, Err 485 (1.0e-004)
608.380 .... 1523 packets received, 5129 bps, 64.12%, Err 488 (1.0e-004)
614.995 .... 1526 packets received, 5084 bps, 63.55%, Err 493 (1.0e-004)
617.109 .... 1548 packets received, 5140 bps, 64.25%, Err 494 (1.0e-004)
619.223 .... 1556 packets received, 5149 bps, 64.36%, Err 495 (1.0e-004)
625.837 .... 1557 packets received, 5097 bps, 63.72%, Err 500 (1.0e-004)
627.952 .... 1578 packets received, 5149 bps, 64.36%, Err 504 (1.0e-004)
630.065 .... 1586 packets received, 5158 bps, 64.47%, Err 505 (1.0e-004)
633.236 .... 1590 packets received, 5145 bps, 64.31%, Err 508 (1.0e-004)
635.894 .... 1594 packets received, 5136 bps, 64.20%, Err 509 (1.0e-004)
638.809 .... 1610 packets received, 5164 bps, 64.55%, Err 510 (1.0e-004)
640.923 .... 1617 packets received, 5169 bps, 64.62%, Err 512 (1.0e-004)
643.038 .... 1627 packets received, 5184 bps, 64.80%, Err 514 (1.0e-004)
645.937 .... 1634 packets received, 5183 bps, 64.79%, Err 515 (1.0e-004)
653.079 .... 1641 packets received, 5148 bps, 64.35%, Err 523 (1.0e-004)
659.437 .... 1644 packets received, 5108 bps, 63.85%, Err 529 (1.0e-004)
661.566 .... 1666 packets received, 5160 bps, 64.50%, Err 531 (1.0e-004)
669.220 .... 1671 packets received, 5116 bps, 63.95%, Err 537 (1.0e-004)
672.937 .... 1689 packets received, 5142 bps, 64.28%, Err 540 (1.0e-004)
676.124 .... 1695 packets received, 5136 bps, 64.20%, Err 541 (1.0e-004)
678.239 .... 1706 packets received, 5154 bps, 64.42%, Err 543 (1.0e-004)
681.154 .... 1710 packets received, 5144 bps, 64.29%, Err 547 (1.0e-004)
683.781 .... 1719 packets received, 5151 bps, 64.38%, Err 550 (1.0e-004)
685.896 .... 1730 packets received, 5168 bps, 64.60%, Err 551 (1.0e-004)
688.010 .... 1738 packets received, 5176 bps, 64.70%, Err 551 (1.0e-004)
690.925 .... 1745 packets received, 5175 bps, 64.68%, Err 554 (1.0e-004)
697.554 .... 1749 packets received, 5137 bps, 64.21%, Err 560 (1.0e-004)
700.213 .... 1763 packets received, 5159 bps, 64.48%, Err 563 (1.0e-004)
702.326 .... 1769 packets received, 5161 bps, 64.51%, Err 563 (1.0e-004)
704.457 .... 1773 packets received, 5157 bps, 64.46%, Err 564 (1.0e-004)
706.572 .... 1777 packets received, 5153 bps, 64.41%, Err 566 (1.0e-004)
708.957 .... 1780 packets received, 5144 bps, 64.30%, Err 569 (1.0e-004)
711.615 .... 1783 packets received, 5133 bps, 64.17%, Err 571 (1.0e-004)
713.729 .... 1796 packets received, 5156 bps, 64.44%, Err 571 (1.0e-004)
715.859 .... 1803 packets received, 5160 bps, 64.50%, Err 573 (1.0e-004)
722.231 .... 1804 packets received, 5118 bps, 63.97%, Err 578 (1.0e-004)
724.346 .... 1823 packets received, 5156 bps, 64.45%, Err 578 (1.0e-004)
727.261 .... 1830 packets received, 5155 bps, 64.44%, Err 581 (1.0e-004)
739.944 .... 1835 packets received, 5081 bps, 63.51%, Err 591 (1.0e-004)
742.875 .... 1855 packets received, 5116 bps, 63.95%, Err 596 (1.0e-004)
744.989 .... 1857 packets received, 5107 bps, 63.84%, Err 603 (1.0e-004)
747.631 .... 1861 packets received, 5100 bps, 63.75%, Err 606 (1.0e-004)
749.745 .... 1865 packets received, 5096 bps, 63.70%, Err 609 (1.0e-004)
752.931 .... 1876 packets received, 5105 bps, 63.81%, Err 611 (1.0e-004)
760.073 .... 1879 packets received, 5065 bps, 63.31%, Err 616 (1.0e-004)
766.719 .... 1887 packets received, 5042 bps, 63.03%, Err 620 (1.0e-004)
769.890 .... 1909 packets received, 5080 bps, 63.50%, Err 621 (1.0e-004)
772.005 .... 1916 packets received, 5085 bps, 63.56%, Err 623 (1.0e-004)
774.120 .... 1927 packets received, 5100 bps, 63.75%, Err 623 (1.0e-004)
776.762 .... 1933 packets received, 5098 bps, 63.73%, Err 627 (1.0e-004)
779.419 .... 1936 packets received, 5089 bps, 63.61%, Err 627 (1.0e-004)
782.605 .... 1949 packets received, 5102 bps, 63.78%, Err 633 (1.0e-004)
795.832 .... 1953 packets received, 5028 bps, 62.85%, Err 648 (1.0e-004)
798.747 .... 1973 packets received, 5061 bps, 63.26%, Err 650 (1.0e-004)
800.878 .... 1981 packets received, 5068 bps, 63.34%, Err 650 (1.0e-004)
802.991 .... 1989 packets received, 5075 bps, 63.43%, Err 651 (1.0e-004)
809.348 .... 1990 packets received, 5037 bps, 62.97%, Err 656 (1.0e-004)
811.735 .... 2006 packets received, 5063 bps, 63.29%, Err 656 (1.0e-004)
814.634 .... 2011 packets received, 5057 bps, 63.22%, Err 660 (1.0e-004)
817.277 .... 2016 packets received, 5054 bps, 63.17%, Err 660 (1.0e-004)
819.408 .... 2028 packets received, 5070 bps, 63.38%, Err 661 (1.0e-004)
821.794 .... 2037 packets received, 5078 bps, 63.48%, Err 663 (1.0e-004)
823.908 .... 2047 packets received, 5090 bps, 63.63%, Err 664 (1.0e-004)
826.022 .... 2051 packets received, 5087 bps, 63.59%, Err 666 (1.0e-004)
829.177 .... 2062 packets received, 5095 bps, 63.68%, Err 671 (1.0e-004)
831.292 .... 2072 packets received, 5106 bps, 63.83%, Err 671 (1.0e-004)
833.422 .... 2080 packets received, 5113 bps, 63.91%, Err 671 (1.0e-004)
836.336 .... 2087 packets received, 5112 bps, 63.90%, Err 674 (1.0e-004)
838.994 .... 2090 packets received, 5103 bps, 63.79%, Err 675 (1.0e-004)
841.108 .... 2105 packets received, 5127 bps, 64.09%, Err 676 (1.0e-004)
847.994 .... 2108 packets received, 5093 bps, 63.66%, Err 684 (1.0e-004)
850.636 .... 2126 packets received, 5120 bps, 64.00%, Err 684 (1.0e-004)
852.749 .... 2137 packets received, 5134 bps, 64.18%, Err 685 (1.0e-004)
860.452 .... 2143 packets received, 5102 bps, 63.78%, Err 689 (1.0e-004)
863.892 .... 2162 packets received, 5127 bps, 64.09%, Err 690 (1.0e-004)
872.090 .... 2168 packets received, 5093 bps, 63.66%, Err 699 (1.0e-004)
874.460 .... 2179 packets received, 5105 bps, 63.81%, Err 700 (1.0e-004)
876.590 .... 2188 packets received, 5114 bps, 63.92%, Err 701 (1.0e-004)
878.704 .... 2192 packets received, 5111 bps, 63.88%, Err 703 (1.0e-004)
881.363 .... 2197 packets received, 5107 bps, 63.83%, Err 706 (1.0e-004)
889.034 .... 2207 packets received, 5086 bps, 63.57%, Err 712 (1.0e-004)
891.164 .... 2222 packets received, 5108 bps, 63.85%, Err 713 (1.0e-004)
893.823 .... 2227 packets received, 5104 bps, 63.80%, Err 715 (1.0e-004)
900.965 .... 2234 packets received, 5080 bps, 63.50%, Err 721 (1.0e-004)
903.079 .... 2247 packets received, 5097 bps, 63.72%, Err 721 (1.0e-004)
906.249 .... 2257 packets received, 5102 bps, 63.78%, Err 724 (1.0e-004)
908.380 .... 2267 packets received, 5113 bps, 63.91%, Err 725 (1.0e-004)
911.023 .... 2273 packets received, 5111 bps, 63.89%, Err 727 (1.0e-004)
913.137 .... 2283 packets received, 5122 bps, 64.02%, Err 728 (1.0e-004)
915.797 .... 2285 packets received, 5112 bps, 63.89%, Err 732 (1.0e-004)
918.439 .... 2289 packets received, 5106 bps, 63.82%, Err 733 (1.0e-004)
921.097 .... 2302 packets received, 5120 bps, 64.00%, Err 736 (1.0e-004)
923.211 .... 2314 packets received, 5135 bps, 64.19%, Err 736 (1.0e-004)
925.325 .... 2321 packets received, 5139 bps, 64.23%, Err 738 (1.0e-004)
931.682 .... 2322 packets received, 5106 bps, 63.82%, Err 743 (1.0e-004)
934.596 .... 2340 packets received, 5129 bps, 64.12%, Err 750 (1.0e-004)
936.711 .... 2347 packets received, 5133 bps, 64.16%, Err 750 (1.0e-004)
938.824 .... 2354 packets received, 5137 bps, 64.21%, Err 752 (1.0e-004)
951.282 .... 2359 packets received, 5080 bps, 63.50%, Err 765 (1.0e-004)
953.397 .... 2381 packets received, 5116 bps, 63.95%, Err 767 (1.0e-004)
956.042 .... 2387 packets received, 5115 bps, 63.94%, Err 768 (1.0e-004)
958.155 .... 2398 packets received, 5127 bps, 64.09%, Err 768 (1.0e-004)
960.284 .... 2405 packets received, 5131 bps, 64.13%, Err 769 (1.0e-004)
962.398 .... 2407 packets received, 5124 bps, 64.05%, Err 771 (1.0e-004)
970.612 .... 2419 packets received, 5106 bps, 63.82%, Err 777 (1.0e-004)
973.270 .... 2434 packets received, 5123 bps, 64.04%, Err 779 (1.0e-004)
975.929 .... 2441 packets received, 5124 bps, 64.05%, Err 783 (1.0e-004)
978.571 .... 2443 packets received, 5114 bps, 63.93%, Err 783 (1.0e-004)
981.758 .... 2458 packets received, 5129 bps, 64.11%, Err 786 (1.0e-004)
989.412 .... 2465 packets received, 5104 bps, 63.80%, Err 794 (1.0e-004)
1000.813 .... 2470 packets received, 5056 bps, 63.20%, Err 807 (1.0e-004)
1004.001 .... 2491 packets received, 5083 bps, 63.53%, Err 809 (1.0e-004)
1006.114 .... 2503 packets received, 5096 bps, 63.71%, Err 809 (1.0e-004)
1008.773 .... 2508 packets received, 5093 bps, 63.66%, Err 812 (1.0e-004)
1010.888 .... 2519 packets received, 5105 bps, 63.81%, Err 812 (1.0e-004)
1018.560 .... 2522 packets received, 5072 bps, 63.40%, Err 821 (1.0e-004)
1021.203 .... 2536 packets received, 5087 bps, 63.59%, Err 824 (1.0e-004)
1023.590 .... 2543 packets received, 5089 bps, 63.62%, Err 825 (1.0e-004)
1026.761 .... 2545 packets received, 5078 bps, 63.47%, Err 828 (1.0e-004)
1028.890 .... 2558 packets received, 5093 bps, 63.66%, Err 829 (1.0e-004)
1032.077 .... 2566 packets received, 5093 bps, 63.67%, Err 830 (1.0e-004)
1034.992 .... 2576 packets received, 5099 bps, 63.73%, Err 831 (1.0e-004)
1037.634 .... 2583 packets received, 5100 bps, 63.74%, Err 834 (1.0e-004)
1040.549 .... 2590 packets received, 5099 bps, 63.74%, Err 837 (1.0e-004)
1043.719 .... 2595 packets received, 5093 bps, 63.67%, Err 837 (1.0e-004)
1046.634 .... 2614 packets received, 5116 bps, 63.95%, Err 838 (1.0e-004)
1048.748 .... 2625 packets received, 5127 bps, 64.09%, Err 839 (1.0e-004)
1051.407 .... 2628 packets received, 5120 bps, 64.00%, Err 841 (1.0e-004)
1054.050 .... 2635 packets received, 5121 bps, 64.01%, Err 843 (1.0e-004)
1056.693 .... 2644 packets received, 5126 bps, 64.07%, Err 846 (1.0e-004)
1068.080 .... 2648 packets received, 5079 bps, 63.48%, Err 857 (1.0e-004)
1071.266 .... 2668 packets received, 5102 bps, 63.77%, Err 861 (1.0e-004)
1078.680 .... 2673 packets received, 5076 bps, 63.45%, Err 867 (1.0e-004)
1081.595 .... 2687 packets received, 5089 bps, 63.61%, Err 868 (1.0e-004)
1084.781 .... 2694 packets received, 5087 bps, 63.59%, Err 870 (1.0e-004)
1086.896 .... 2704 packets received, 5096 bps, 63.70%, Err 870 (1.0e-004)
1089.010 .... 2711 packets received, 5100 bps, 63.75%, Err 871 (1.0e-004)
1091.652 .... 2716 packets received, 5097 bps, 63.71%, Err 873 (1.0e-004)
1094.293 .... 2725 packets received, 5101 bps, 63.77%, Err 875 (1.0e-004)
1096.424 .... 2730 packets received, 5101 bps, 63.76%, Err 876 (1.0e-004)
1098.538 .... 2743 packets received, 5115 bps, 63.94%, Err 876 (1.0e-004)
1100.925 .... 2748 packets received, 5113 bps, 63.92%, Err 880 (1.0e-004)
1103.056 .... 2758 packets received, 5122 bps, 64.02%, Err 880 (1.0e-004)
1110.471 .... 2762 packets received, 5095 bps, 63.69%, Err 890 (1.0e-004)
1117.340 .... 2765 packets received, 5069 bps, 63.37%, Err 893 (1.0e-004)
1119.470 .... 2786 packets received, 5098 bps, 63.73%, Err 894 (1.0e-004)
1121.584 .... 2794 packets received, 5103 bps, 63.79%, Err 896 (1.0e-004)
1124.739 .... 2800 packets received, 5100 bps, 63.75%, Err 898 (1.0e-004)
1141.392 .... 2804 packets received, 5032 bps, 62.91%, Err 915 (1.0e-004)
1143.506 .... 2825 packets received, 5061 bps, 63.26%, Err 916 (1.0e-004)
1145.878 .... 2829 packets received, 5057 bps, 63.22%, Err 918 (1.0e-004)
1152.235 .... 2833 packets received, 5037 bps, 62.96%, Err 924 (1.0e-004)
1154.349 .... 2845 packets received, 5049 bps, 63.11%, Err 925 (1.0e-004)
1156.736 .... 2852 packets received, 5051 bps, 63.13%, Err 925 (1.0e-004)
1160.162 .... 2857 packets received, 5045 bps, 63.06%, Err 927 (1.0e-004)
1162.293 .... 2869 packets received, 5057 bps, 63.21%, Err 928 (1.0e-004)
1174.992 .... 2873 packets received, 5009 bps, 62.61%, Err 938 (1.0e-004)
1181.861 .... 2893 packets received, 5014 bps, 62.68%, Err 950 (1.0e-004)
1184.247 .... 2900 packets received, 5016 bps, 62.70%, Err 953 (1.0e-004)
1187.434 .... 2910 packets received, 5020 bps, 62.75%, Err 953 (1.0e-004)
1190.333 .... 2914 packets received, 5015 bps, 62.69%, Err 954 (1.0e-004)
1193.503 .... 2924 packets received, 5019 bps, 62.73%, Err 956 (1.0e-004)
1196.674 .... 2935 packets received, 5024 bps, 62.80%, Err 958 (1.0e-004)
1199.317 .... 2941 packets received, 5023 bps, 62.79%, Err 961 (1.0e-004)
1201.976 .... 2950 packets received, 5028 bps, 62.84%, Err 962 (1.0e-004)
1204.091 .... 2958 packets received, 5032 bps, 62.90%, Err 965 (1.0e-004)
1206.750 .... 2965 packets received, 5033 bps, 62.91%, Err 970 (1.0e-004)
1209.393 .... 2967 packets received, 5026 bps, 62.82%, Err 970 (1.0e-004)
1212.036 .... 2982 packets received, 5040 bps, 63.00%, Err 973 (1.0e-004)
1214.150 .... 2993 packets received, 5050 bps, 63.12%, Err 973 (1.0e-004)
1216.265 .... 3001 packets received, 5054 bps, 63.18%, Err 973 (1.0e-004)
1219.452 .... 3009 packets received, 5055 bps, 63.18%, Err 974 (1.0e-004)
1226.066 .... 3014 packets received, 5036 bps, 62.95%, Err 981 (1.0e-004)
1237.451 .... 3022 packets received, 5003 bps, 62.53%, Err 993 (1.0e-004)
1239.566 .... 3044 packets received, 5030 bps, 62.88%, Err 993 (1.0e-004)
1241.695 .... 3052 packets received, 5035 bps, 62.94%, Err 994 (1.0e-004)
1244.609 .... 3056 packets received, 5030 bps, 62.87%, Err 996 (1.0e-004)
1250.711 .... 3065 packets received, 5020 bps, 62.75%, Err 1000 (1.0e-004)
1252.841 .... 3086 packets received, 5046 bps, 63.07%, Err 1000 (1.0e-004)
1261.024 .... 3093 packets received, 5024 bps, 62.80%, Err 1008 (1.0e-004)
1263.939 .... 3112 packets received, 5044 bps, 63.05%, Err 1010 (1.0e-004)
1266.069 .... 3119 packets received, 5046 bps, 63.08%, Err 1012 (1.0e-004)
1273.227 .... 3123 packets received, 5024 bps, 62.81%, Err 1020 (1.0e-004)
1284.868 .... 3125 packets received, 4982 bps, 62.28%, Err 1028 (1.0e-004)
1288.039 .... 3145 packets received, 5002 bps, 62.52%, Err 1033 (1.0e-004)
1299.713 .... 3148 packets received, 4961 bps, 62.02%, Err 1040 (1.0e-004)
1306.343 .... 3167 packets received, 4966 bps, 62.08%, Err 1048 (1.0e-004)
1309.497 .... 3178 packets received, 4971 bps, 62.14%, Err 1050 (1.0e-004)
1312.156 .... 3186 packets received, 4974 bps, 62.17%, Err 1051 (1.0e-004)
1315.038 .... 3191 packets received, 4971 bps, 62.13%, Err 1056 (1.0e-004)
1318.210 .... 3195 packets received, 4965 bps, 62.06%, Err 1056 (1.0e-004)
1321.106 .... 3210 packets received, 4977 bps, 62.22%, Err 1058 (1.0e-004)
1329.337 .... 3220 packets received, 4962 bps, 62.02%, Err 1064 (1.0e-004)
1331.451 .... 3231 packets received, 4971 bps, 62.14%, Err 1065 (1.0e-004)
1334.109 .... 3239 packets received, 4973 bps, 62.17%, Err 1067 (1.0e-004)
1336.207 .... 3247 packets received, 4978 bps, 62.22%, Err 1068 (1.0e-004)
1339.634 .... 3253 packets received, 4974 bps, 62.18%, Err 1072 (1.0e-004)
1342.804 .... 3262 packets received, 4976 bps, 62.20%, Err 1075 (1.0e-004)
1359.219 .... 3264 packets received, 4919 bps, 61.49%, Err 1089 (1.0e-004)
1365.865 .... 3283 packets received, 4924 bps, 61.55%, Err 1095 (1.0e-004)
1368.234 .... 3291 packets received, 4927 bps, 61.59%, Err 1096 (1.0e-004)
1370.348 .... 3302 packets received, 4936 bps, 61.70%, Err 1096 (1.0e-004)
1374.064 .... 3307 packets received, 4930 bps, 61.62%, Err 1099 (1.0e-004)
1377.235 .... 3320 packets received, 4938 bps, 61.72%, Err 1103 (1.0e-004)
1385.452 .... 3323 packets received, 4913 bps, 61.41%, Err 1107 (1.0e-004)
1388.879 .... 3344 packets received, 4932 bps, 61.65%, Err 1110 (1.0e-004)
1390.994 .... 3355 packets received, 4941 bps, 61.76%, Err 1111 (1.0e-004)
1393.380 .... 3359 packets received, 4938 bps, 61.73%, Err 1114 (1.0e-004)
1396.535 .... 3361 packets received, 4930 bps, 61.62%, Err 1119 (1.0e-004)
1404.718 .... 3369 packets received, 4913 bps, 61.41%, Err 1125 (1.0e-004)
1411.333 .... 3373 packets received, 4896 bps, 61.19%, Err 1130 (1.0e-004)
1417.961 .... 3389 packets received, 4896 bps, 61.20%, Err 1135 (1.0e-004)
1420.605 .... 3405 packets received, 4910 bps, 61.37%, Err 1139 (1.0e-004)
1422.735 .... 3415 packets received, 4917 bps, 61.46%, Err 1140 (1.0e-004)
1424.850 .... 3422 packets received, 4920 bps, 61.49%, Err 1140 (1.0e-004)
1426.965 .... 3425 packets received, 4917 bps, 61.46%, Err 1142 (1.0e-004)
1429.607 .... 3434 packets received, 4920 bps, 61.50%, Err 1144 (1.0e-004)
1438.062 .... 3440 packets received, 4900 bps, 61.25%, Err 1152 (1.0e-004)
1440.992 .... 3460 packets received, 4918 bps, 61.48%, Err 1154 (1.0e-004)
1447.590 .... 3461 packets received, 4897 bps, 61.22%, Err 1159 (1.0e-004)
1450.761 .... 3478 packets received, 4911 bps, 61.38%, Err 1162 (1.0e-004)
1453.932 .... 3482 packets received, 4906 bps, 61.32%, Err 1163 (1.0e-004)
1456.303 .... 3495 packets received, 4916 bps, 61.45%, Err 1165 (1.0e-004)
1462.675 .... 3497 packets received, 4897 bps, 61.22%, Err 1171 (1.0e-004)
1464.790 .... 3511 packets received, 4910 bps, 61.37%, Err 1172 (1.0e-004)
1467.432 .... 3518 packets received, 4911 bps, 61.38%, Err 1176 (1.0e-004)
1470.618 .... 3528 packets received, 4914 bps, 61.43%, Err 1178 (1.0e-004)
1473.260 .... 3536 packets received, 4916 bps, 61.45%, Err 1180 (1.0e-004)
1475.374 .... 3547 packets received, 4925 bps, 61.56%, Err 1180 (1.0e-004)
1478.032 .... 3552 packets received, 4923 bps, 61.53%, Err 1183 (1.0e-004)
1484.389 .... 3556 packets received, 4907 bps, 61.34%, Err 1188 (1.0e-004)
1487.016 .... 3574 packets received, 4923 bps, 61.54%, Err 1193 (1.0e-004)
1489.658 .... 3581 packets received, 4924 bps, 61.55%, Err 1195 (1.0e-004)
1491.772 .... 3593 packets received, 4934 bps, 61.67%, Err 1196 (1.0e-004)
1493.887 .... 3600 packets received, 4936 bps, 61.70%, Err 1196 (1.0e-004)
1496.785 .... 3607 packets received, 4936 bps, 61.70%, Err 1197 (1.0e-004)
1504.728 .... 3617 packets received, 4924 bps, 61.55%, Err 1203 (1.0e-004)
1507.371 .... 3637 packets received, 4942 bps, 61.78%, Err 1205 (1.0e-004)
1509.484 .... 3647 packets received, 4949 bps, 61.86%, Err 1206 (1.0e-004)
1511.598 .... 3651 packets received, 4948 bps, 61.84%, Err 1210 (1.0e-004)
1514.240 .... 3654 packets received, 4943 bps, 61.79%, Err 1212 (1.0e-004)
1516.899 .... 3663 packets received, 4946 bps, 61.83%, Err 1212 (1.0e-004)
1519.013 .... 3674 packets received, 4954 bps, 61.93%, Err 1213 (1.0e-004)
1521.655 .... 3683 packets received, 4958 bps, 61.97%, Err 1216 (1.0e-004)
1526.427 .... 3686 packets received, 4946 bps, 61.83%, Err 1222 (1.0e-004)
1529.071 .... 3694 packets received, 4949 bps, 61.86%, Err 1224 (1.0e-004)
1532.002 .... 3704 packets received, 4952 bps, 61.91%, Err 1225 (1.0e-004)
1534.660 .... 3709 packets received, 4951 bps, 61.88%, Err 1229 (1.0e-004)
1537.574 .... 3720 packets received, 4956 bps, 61.95%, Err 1230 (1.0e-004)
1539.704 .... 3731 packets received, 4964 bps, 62.05%, Err 1231 (1.0e-004)
